<?xml version="1.0" encoding="UTF-8"?>
<testsuites name="jest tests" tests="3" failures="0" errors="0" time="1.698">
  <testsuite name="ArticlePreview Web Component" errors="0" failures="0" skipped="0" timestamp="2025-03-03T07:46:26" time="1.122" tests="3">
    <testcase classname="ArticlePreview Web Component should be defined as a custom element" name="ArticlePreview Web Component should be defined as a custom element" time="0.029">
    </testcase>
    <testcase classname="ArticlePreview Web Component should render with default values when no attributes are set" name="ArticlePreview Web Component should render with default values when no attributes are set" time="0.008">
    </testcase>
    <testcase classname="ArticlePreview Web Component should reflect attribute changes" name="ArticlePreview Web Component should reflect attribute changes" time="0.007">
    </testcase>
  </testsuite>
</testsuites>